[2025-06-07 18:22:56] [INFO] Logger initialized - Log file: G:\SRC\augment-vip\logs\vscode-cleanup-20250607-182256.log
[2025-06-07 18:22:56] [WARNING] Backup manager initialization failed, using fallback mode
[2025-06-07 18:22:56] [SUCCESS] Environment initialized successfully
[2025-06-07 18:22:56] [INFO] Checking system prerequisites...
[2025-06-07 18:22:57] [SUCCESS] All prerequisites met
[2025-06-07 18:22:57] [INFO] Discovering VS Code installations...
[2025-06-07 18:22:57] [INFO] Found: VS Code at Standard Installation
[2025-06-07 18:22:57] [INFO] Total database files found: 41
[2025-06-07 18:22:57] [INFO] Total storage.json files found: 1
[2025-06-07 18:22:57] [INFO] Starting database cleaning operation...
[2025-06-07 18:23:01] [SUCCESS] Database cleaning completed
[2025-06-07 18:23:01] [INFO] Successfully cleaned: 41/41 databases
[2025-06-07 18:23:01] [INFO] Starting telemetry ID modification operation...
[2025-06-07 18:23:01] [SUCCESS] Telemetry ID modification completed
[2025-06-07 18:23:01] [INFO] Successfully modified: 1/1 files
[2025-06-07 18:23:01] [WARNING] Backup statistics not available (fallback mode)
[2025-06-07 18:23:01] [INFO] Cleaning up scattered backup files...
[2025-06-07 18:23:02] [SUCCESS] Deleted 23 scattered backup file(s)
[2025-06-07 18:23:02] [INFO] Managing backup directory - keeping only 3 most recent backups...
[2025-06-07 18:23:02] [INFO] Backup directory has 0 backup(s), no cleanup needed
[2025-06-07 18:23:02] [SUCCESS] VS Code cleanup operation completed successfully
